# JRE version: OpenJDK Runtime Environment Microsoft-8035246 (17.0.8+7) (build 17.0.8+7-LTS)
# Java VM: OpenJDK 64-Bit Server VM Microsoft-8035246 (17.0.8+7-LTS, mixed mode, sharing, tiered, compressed oops, compressed class ptrs, g1 gc, windows-amd64)
GC Precious Log:
 CPUs: 4 total, 4 available
 Memory: 8088M
 Large Page Support: Disabled
 NUMA Support: Disabled
 Compressed Oops: Enabled (32-bit)
 Heap Region Size: 1M
 Heap Min Capacity: 8M
 Heap Initial Capacity: 128M
 Heap Max Capacity: 2G
 Pre-touch: Disabled
 Parallel Workers: 4
 Concurrent Workers: 1
 Concurrent Refinement Workers: 4
 Periodic GC: Disabled
Heap:
 garbage-first heap   total 499712K, used 345423K [0x0000000080000000, 0x0000000100000000)
  region size 1024K, 164 young (167936K), 4 survivors (4096K)
 Metaspace       used 105208K, committed 106304K, reserved 557056K
  class space    used 14505K, committed 15040K, reserved 425984K
GC Heap History (20 events):
Event: 40.446 GC heap before
{Heap before GC invocations=56 (full 0):
 garbage-first heap   total 238592K, used 176792K [0x0000000080000000, 0x0000000100000000)
  region size 1024K, 64 young (65536K), 1 survivors (1024K)
 Metaspace       used 90863K, committed 91712K, reserved 557056K
  class space    used 12791K, committed 13184K, reserved 425984K
}
Event: 40.459 GC heap after
{Heap after GC invocations=57 (full 0):
 garbage-first heap   total 238592K, used 118646K [0x0000000080000000, 0x0000000100000000)
  region size 1024K, 8 young (8192K), 8 survivors (8192K)
 Metaspace       used 90863K, committed 91712K, reserved 557056K
  class space    used 12791K, committed 13184K, reserved 425984K
}
Event: 41.576 GC heap before
{Heap before GC invocations=58 (full 0):
 garbage-first heap   total 238592K, used 181110K [0x0000000080000000, 0x0000000100000000)
  region size 1024K, 69 young (70656K), 8 survivors (8192K)
 Metaspace       used 92854K, committed 93760K, reserved 557056K
  class space    used 13049K, committed 13440K, reserved 425984K
}
Event: 41.598 GC heap after
{Heap after GC invocations=59 (full 0):
 garbage-first heap   total 238592K, used 126844K [0x0000000080000000, 0x0000000100000000)
  region size 1024K, 8 young (8192K), 8 survivors (8192K)
 Metaspace       used 92854K, committed 93760K, reserved 557056K
  class space    used 13049K, committed 13440K, reserved 425984K
}
Event: 41.660 GC heap before
{Heap before GC invocations=59 (full 0):
 garbage-first heap   total 238592K, used 129916K [0x0000000080000000, 0x0000000100000000)
  region size 1024K, 11 young (11264K), 8 survivors (8192K)
 Metaspace       used 92930K, committed 93824K, reserved 557056K
  class space    used 13058K, committed 13440K, reserved 425984K
}
Event: 41.674 GC heap after
{Heap after GC invocations=60 (full 0):
 garbage-first heap   total 238592K, used 128258K [0x0000000080000000, 0x0000000100000000)
  region size 1024K, 2 young (2048K), 2 survivors (2048K)
 Metaspace       used 92930K, committed 93824K, reserved 557056K
  class space    used 13058K, committed 13440K, reserved 425984K
}
Event: 42.976 GC heap before
{Heap before GC invocations=60 (full 0):
 garbage-first heap   total 238592K, used 174338K [0x0000000080000000, 0x0000000100000000)
  region size 1024K, 49 young (50176K), 2 survivors (2048K)
 Metaspace       used 94910K, committed 95808K, reserved 557056K
  class space    used 13275K, committed 13696K, reserved 425984K
}
Event: 42.991 GC heap after
{Heap after GC invocations=61 (full 0):
 garbage-first heap   total 238592K, used 131302K [0x0000000080000000, 0x0000000100000000)
  region size 1024K, 5 young (5120K), 5 survivors (5120K)
 Metaspace       used 94910K, committed 95808K, reserved 557056K
  class space    used 13275K, committed 13696K, reserved 425984K
}
Event: 44.595 GC heap before
{Heap before GC invocations=62 (full 0):
 garbage-first heap   total 249856K, used 191718K [0x0000000080000000, 0x0000000100000000)
  region size 1024K, 61 young (62464K), 5 survivors (5120K)
 Metaspace       used 95671K, committed 96640K, reserved 557056K
  class space    used 13370K, committed 13824K, reserved 425984K
}
Event: 44.626 GC heap after
{Heap after GC invocations=63 (full 0):
 garbage-first heap   total 249856K, used 149051K [0x0000000080000000, 0x0000000100000000)
  region size 1024K, 8 young (8192K), 8 survivors (8192K)
 Metaspace       used 95671K, committed 96640K, reserved 557056K
  class space    used 13370K, committed 13824K, reserved 425984K
}
Event: 44.740 GC heap before
{Heap before GC invocations=63 (full 0):
 garbage-first heap   total 249856K, used 153147K [0x0000000080000000, 0x0000000100000000)
  region size 1024K, 12 young (12288K), 8 survivors (8192K)
 Metaspace       used 95736K, committed 96704K, reserved 557056K
  class space    used 13379K, committed 13824K, reserved 425984K
}
Event: 44.753 GC heap after
{Heap after GC invocations=64 (full 0):
 garbage-first heap   total 499712K, used 150377K [0x0000000080000000, 0x0000000100000000)
  region size 1024K, 1 young (1024K), 1 survivors (1024K)
 Metaspace       used 95736K, committed 96704K, reserved 557056K
  class space    used 13379K, committed 13824K, reserved 425984K
}
Event: 44.878 GC heap before
{Heap before GC invocations=64 (full 0):
 garbage-first heap   total 499712K, used 159593K [0x0000000080000000, 0x0000000100000000)
  region size 1024K, 11 young (11264K), 1 survivors (1024K)
 Metaspace       used 95806K, committed 96768K, reserved 557056K
  class space    used 13390K, committed 13824K, reserved 425984K
}
Event: 44.885 GC heap after
{Heap after GC invocations=65 (full 0):
 garbage-first heap   total 499712K, used 151014K [0x0000000080000000, 0x0000000100000000)
  region size 1024K, 2 young (2048K), 2 survivors (2048K)
 Metaspace       used 95806K, committed 96768K, reserved 557056K
  class space    used 13390K, committed 13824K, reserved 425984K
}
Event: 49.820 GC heap before
{Heap before GC invocations=66 (full 0):
 garbage-first heap   total 499712K, used 315878K [0x0000000080000000, 0x0000000100000000)
  region size 1024K, 161 young (164864K), 2 survivors (2048K)
 Metaspace       used 102123K, committed 103232K, reserved 557056K
  class space    used 14191K, committed 14720K, reserved 425984K
}
Event: 49.872 GC heap after
{Heap after GC invocations=67 (full 0):
 garbage-first heap   total 499712K, used 171609K [0x0000000080000000, 0x0000000100000000)
  region size 1024K, 20 young (20480K), 20 survivors (20480K)
 Metaspace       used 102123K, committed 103232K, reserved 557056K
  class space    used 14191K, committed 14720K, reserved 425984K
}
Event: 49.908 GC heap before
{Heap before GC invocations=67 (full 0):
 garbage-first heap   total 499712K, used 174681K [0x0000000080000000, 0x0000000100000000)
  region size 1024K, 24 young (24576K), 20 survivors (20480K)
 Metaspace       used 102295K, committed 103424K, reserved 557056K
  class space    used 14195K, committed 14720K, reserved 425984K
}
Event: 49.943 GC heap after
{Heap after GC invocations=68 (full 0):
 garbage-first heap   total 499712K, used 172816K [0x0000000080000000, 0x0000000100000000)
  region size 1024K, 2 young (2048K), 2 survivors (2048K)
 Metaspace       used 102295K, committed 103424K, reserved 557056K
  class space    used 14195K, committed 14720K, reserved 425984K
}
Event: 50.213 GC heap before
{Heap before GC invocations=68 (full 0):
 garbage-first heap   total 499712K, used 184080K [0x0000000080000000, 0x0000000100000000)
  region size 1024K, 14 young (14336K), 2 survivors (2048K)
 Metaspace       used 102990K, committed 104064K, reserved 557056K
  class space    used 14254K, committed 14784K, reserved 425984K
}
Event: 50.222 GC heap after
{Heap after GC invocations=69 (full 0):
 garbage-first heap   total 499712K, used 174415K [0x0000000080000000, 0x0000000100000000)
  region size 1024K, 4 young (4096K), 4 survivors (4096K)
 Metaspace       used 102990K, committed 104064K, reserved 557056K
  class space    used 14254K, committed 14784K, reserved 425984K
}

