# JRE version: OpenJDK Runtime Environment Microsoft-8035246 (17.0.8+7) (build 17.0.8+7-LTS)
# Java VM: OpenJDK 64-Bit Server VM Microsoft-8035246 (17.0.8+7-LTS, mixed mode, sharing, tiered, compressed oops, compressed class ptrs, g1 gc, windows-amd64)
GC Precious Log:
 CPUs: 4 total, 4 available
 Memory: 8088M
 Large Page Support: Disabled
 NUMA Support: Disabled
 Compressed Oops: Enabled (32-bit)
 Heap Region Size: 1M
 Heap Min Capacity: 8M
 Heap Initial Capacity: 128M
 Heap Max Capacity: 2G
 Pre-touch: Disabled
 Parallel Workers: 4
 Concurrent Workers: 1
 Concurrent Refinement Workers: 4
 Periodic GC: Disabled
Heap:
 garbage-first heap   total 348160K, used 191467K [0x0000000080000000, 0x0000000100000000)
  region size 1024K, 9 young (9216K), 2 survivors (2048K)
 Metaspace       used 104974K, committed 105984K, reserved 557056K
  class space    used 14501K, committed 14976K, reserved 425984K
GC Heap History (20 events):
Event: 26.436 GC heap before
{Heap before GC invocations=39 (full 0):
 garbage-first heap   total 178176K, used 130471K [0x0000000080000000, 0x0000000100000000)
  region size 1024K, 45 young (46080K), 3 survivors (3072K)
 Metaspace       used 74147K, committed 74816K, reserved 491520K
  class space    used 10307K, committed 10624K, reserved 425984K
}
Event: 26.445 GC heap after
{Heap after GC invocations=40 (full 0):
 garbage-first heap   total 178176K, used 84126K [0x0000000080000000, 0x0000000100000000)
  region size 1024K, 5 young (5120K), 5 survivors (5120K)
 Metaspace       used 74147K, committed 74816K, reserved 491520K
  class space    used 10307K, committed 10624K, reserved 425984K
}
Event: 27.229 GC heap before
{Heap before GC invocations=40 (full 0):
 garbage-first heap   total 178176K, used 130206K [0x0000000080000000, 0x0000000100000000)
  region size 1024K, 50 young (51200K), 5 survivors (5120K)
 Metaspace       used 77580K, committed 78272K, reserved 557056K
  class space    used 10744K, committed 11072K, reserved 425984K
}
Event: 27.240 GC heap after
{Heap after GC invocations=41 (full 0):
 garbage-first heap   total 178176K, used 86193K [0x0000000080000000, 0x0000000100000000)
  region size 1024K, 5 young (5120K), 5 survivors (5120K)
 Metaspace       used 77580K, committed 78272K, reserved 557056K
  class space    used 10744K, committed 11072K, reserved 425984K
}
Event: 32.286 GC heap before
{Heap before GC invocations=41 (full 0):
 garbage-first heap   total 178176K, used 134321K [0x0000000080000000, 0x0000000100000000)
  region size 1024K, 52 young (53248K), 5 survivors (5120K)
 Metaspace       used 78187K, committed 78976K, reserved 557056K
  class space    used 10855K, committed 11200K, reserved 425984K
}
Event: 32.300 GC heap after
{Heap after GC invocations=42 (full 0):
 garbage-first heap   total 356352K, used 90000K [0x0000000080000000, 0x0000000100000000)
  region size 1024K, 6 young (6144K), 6 survivors (6144K)
 Metaspace       used 78187K, committed 78976K, reserved 557056K
  class space    used 10855K, committed 11200K, reserved 425984K
}
Event: 35.852 GC heap before
{Heap before GC invocations=43 (full 0):
 garbage-first heap   total 348160K, used 255888K [0x0000000080000000, 0x0000000100000000)
  region size 1024K, 168 young (172032K), 6 survivors (6144K)
 Metaspace       used 87648K, committed 88448K, reserved 557056K
  class space    used 12281K, committed 12672K, reserved 425984K
}
Event: 35.881 GC heap after
{Heap after GC invocations=44 (full 0):
 garbage-first heap   total 348160K, used 99004K [0x0000000080000000, 0x0000000100000000)
  region size 1024K, 15 young (15360K), 15 survivors (15360K)
 Metaspace       used 87648K, committed 88448K, reserved 557056K
  class space    used 12281K, committed 12672K, reserved 425984K
}
Event: 38.313 GC heap before
{Heap before GC invocations=44 (full 0):
 garbage-first heap   total 348160K, used 275132K [0x0000000080000000, 0x0000000100000000)
  region size 1024K, 184 young (188416K), 15 survivors (15360K)
 Metaspace       used 92619K, committed 93440K, reserved 557056K
  class space    used 13035K, committed 13440K, reserved 425984K
}
Event: 38.373 GC heap after
{Heap after GC invocations=45 (full 0):
 garbage-first heap   total 348160K, used 124587K [0x0000000080000000, 0x0000000100000000)
  region size 1024K, 23 young (23552K), 23 survivors (23552K)
 Metaspace       used 92619K, committed 93440K, reserved 557056K
  class space    used 13035K, committed 13440K, reserved 425984K
}
Event: 41.901 GC heap before
{Heap before GC invocations=45 (full 0):
 garbage-first heap   total 348160K, used 277163K [0x0000000080000000, 0x0000000100000000)
  region size 1024K, 167 young (171008K), 23 survivors (23552K)
 Metaspace       used 96153K, committed 97088K, reserved 557056K
  class space    used 13434K, committed 13888K, reserved 425984K
}
Event: 41.971 GC heap after
{Heap after GC invocations=46 (full 0):
 garbage-first heap   total 348160K, used 158590K [0x0000000080000000, 0x0000000100000000)
  region size 1024K, 21 young (21504K), 21 survivors (21504K)
 Metaspace       used 96153K, committed 97088K, reserved 557056K
  class space    used 13434K, committed 13888K, reserved 425984K
}
Event: 44.940 GC heap before
{Heap before GC invocations=46 (full 0):
 garbage-first heap   total 348160K, used 268158K [0x0000000080000000, 0x0000000100000000)
  region size 1024K, 128 young (131072K), 21 survivors (21504K)
 Metaspace       used 101709K, committed 102720K, reserved 557056K
  class space    used 14170K, committed 14656K, reserved 425984K
}
Event: 44.992 GC heap after
{Heap after GC invocations=47 (full 0):
 garbage-first heap   total 348160K, used 169390K [0x0000000080000000, 0x0000000100000000)
  region size 1024K, 11 young (11264K), 11 survivors (11264K)
 Metaspace       used 101709K, committed 102720K, reserved 557056K
  class space    used 14170K, committed 14656K, reserved 425984K
}
Event: 45.891 GC heap before
{Heap before GC invocations=47 (full 0):
 garbage-first heap   total 348160K, used 215470K [0x0000000080000000, 0x0000000100000000)
  region size 1024K, 58 young (59392K), 11 survivors (11264K)
 Metaspace       used 102905K, committed 104000K, reserved 557056K
  class space    used 14257K, committed 14784K, reserved 425984K
}
Event: 45.942 GC heap after
{Heap after GC invocations=48 (full 0):
 garbage-first heap   total 348160K, used 178606K [0x0000000080000000, 0x0000000100000000)
  region size 1024K, 8 young (8192K), 8 survivors (8192K)
 Metaspace       used 102905K, committed 104000K, reserved 557056K
  class space    used 14257K, committed 14784K, reserved 425984K
}
Event: 48.839 GC heap before
{Heap before GC invocations=49 (full 0):
 garbage-first heap   total 348160K, used 278958K [0x0000000080000000, 0x0000000100000000)
  region size 1024K, 102 young (104448K), 8 survivors (8192K)
 Metaspace       used 104973K, committed 105984K, reserved 557056K
  class space    used 14500K, committed 14976K, reserved 425984K
}
Event: 48.866 GC heap after
{Heap after GC invocations=50 (full 0):
 garbage-first heap   total 348160K, used 184750K [0x0000000080000000, 0x0000000100000000)
  region size 1024K, 7 young (7168K), 7 survivors (7168K)
 Metaspace       used 104973K, committed 105984K, reserved 557056K
  class space    used 14500K, committed 14976K, reserved 425984K
}
Event: 49.157 GC heap before
{Heap before GC invocations=50 (full 0):
 garbage-first heap   total 348160K, used 193966K [0x0000000080000000, 0x0000000100000000)
  region size 1024K, 17 young (17408K), 7 survivors (7168K)
 Metaspace       used 104973K, committed 105984K, reserved 557056K
  class space    used 14501K, committed 14976K, reserved 425984K
}
Event: 49.171 GC heap after
{Heap after GC invocations=51 (full 0):
 garbage-first heap   total 348160K, used 185323K [0x0000000080000000, 0x0000000100000000)
  region size 1024K, 2 young (2048K), 2 survivors (2048K)
 Metaspace       used 104973K, committed 105984K, reserved 557056K
  class space    used 14501K, committed 14976K, reserved 425984K
}

