# JRE version: OpenJDK Runtime Environment Microsoft-8035246 (17.0.8+7) (build 17.0.8+7-LTS)
# Java VM: OpenJDK 64-Bit Server VM Microsoft-8035246 (17.0.8+7-LTS, mixed mode, sharing, tiered, compressed oops, compressed class ptrs, g1 gc, windows-amd64)
GC Precious Log:
 CPUs: 4 total, 4 available
 Memory: 8088M
 Large Page Support: Disabled
 NUMA Support: Disabled
 Compressed Oops: Enabled (32-bit)
 Heap Region Size: 1M
 Heap Min Capacity: 8M
 Heap Initial Capacity: 128M
 Heap Max Capacity: 2G
 Pre-touch: Disabled
 Parallel Workers: 4
 Concurrent Workers: 1
 Concurrent Refinement Workers: 4
 Periodic GC: Disabled
Heap:
 garbage-first heap   total 368640K, used 190792K [0x0000000080000000, 0x0000000100000000)
  region size 1024K, 17 young (17408K), 8 survivors (8192K)
 Metaspace       used 105125K, committed 106176K, reserved 557056K
  class space    used 14516K, committed 15040K, reserved 425984K
GC Heap History (20 events):
Event: 49.152 GC heap before
{Heap before GC invocations=38 (full 0):
 garbage-first heap   total 286720K, used 218424K [0x0000000080000000, 0x0000000100000000)
  region size 1024K, 127 young (130048K), 12 survivors (12288K)
 Metaspace       used 89091K, committed 89856K, reserved 557056K
  class space    used 12493K, committed 12864K, reserved 425984K
}
Event: 49.186 GC heap after
{Heap after GC invocations=39 (full 0):
 garbage-first heap   total 286720K, used 115394K [0x0000000080000000, 0x0000000100000000)
  region size 1024K, 16 young (16384K), 16 survivors (16384K)
 Metaspace       used 89091K, committed 89856K, reserved 557056K
  class space    used 12493K, committed 12864K, reserved 425984K
}
Event: 50.797 GC heap before
{Heap before GC invocations=39 (full 0):
 garbage-first heap   total 286720K, used 219842K [0x0000000080000000, 0x0000000100000000)
  region size 1024K, 118 young (120832K), 16 survivors (16384K)
 Metaspace       used 91974K, committed 92800K, reserved 557056K
  class space    used 12930K, committed 13312K, reserved 425984K
}
Event: 50.835 GC heap after
{Heap after GC invocations=40 (full 0):
 garbage-first heap   total 286720K, used 129110K [0x0000000080000000, 0x0000000100000000)
  region size 1024K, 13 young (13312K), 13 survivors (13312K)
 Metaspace       used 91974K, committed 92800K, reserved 557056K
  class space    used 12930K, committed 13312K, reserved 425984K
}
Event: 52.722 GC heap before
{Heap before GC invocations=40 (full 0):
 garbage-first heap   total 286720K, used 225366K [0x0000000080000000, 0x0000000100000000)
  region size 1024K, 105 young (107520K), 13 survivors (13312K)
 Metaspace       used 95201K, committed 96064K, reserved 557056K
  class space    used 13306K, committed 13696K, reserved 425984K
}
Event: 52.761 GC heap after
{Heap after GC invocations=41 (full 0):
 garbage-first heap   total 286720K, used 144896K [0x0000000080000000, 0x0000000100000000)
  region size 1024K, 14 young (14336K), 14 survivors (14336K)
 Metaspace       used 95201K, committed 96064K, reserved 557056K
  class space    used 13306K, committed 13696K, reserved 425984K
}
Event: 53.254 GC heap before
{Heap before GC invocations=41 (full 0):
 garbage-first heap   total 286720K, used 166400K [0x0000000080000000, 0x0000000100000000)
  region size 1024K, 36 young (36864K), 14 survivors (14336K)
 Metaspace       used 95471K, committed 96384K, reserved 557056K
  class space    used 13336K, committed 13760K, reserved 425984K
}
Event: 53.276 GC heap after
{Heap after GC invocations=42 (full 0):
 garbage-first heap   total 286720K, used 149504K [0x0000000080000000, 0x0000000100000000)
  region size 1024K, 5 young (5120K), 5 survivors (5120K)
 Metaspace       used 95471K, committed 96384K, reserved 557056K
  class space    used 13336K, committed 13760K, reserved 425984K
}
Event: 55.176 GC heap before
{Heap before GC invocations=43 (full 0):
 garbage-first heap   total 286720K, used 222208K [0x0000000080000000, 0x0000000100000000)
  region size 1024K, 78 young (79872K), 5 survivors (5120K)
 Metaspace       used 97668K, committed 98624K, reserved 557056K
  class space    used 13642K, committed 14080K, reserved 425984K
}
Event: 55.204 GC heap after
{Heap after GC invocations=44 (full 0):
 garbage-first heap   total 286720K, used 161792K [0x0000000080000000, 0x0000000100000000)
  region size 1024K, 10 young (10240K), 10 survivors (10240K)
 Metaspace       used 97668K, committed 98624K, reserved 557056K
  class space    used 13642K, committed 14080K, reserved 425984K
}
Event: 55.291 GC heap before
{Heap before GC invocations=44 (full 0):
 garbage-first heap   total 286720K, used 165888K [0x0000000080000000, 0x0000000100000000)
  region size 1024K, 14 young (14336K), 10 survivors (10240K)
 Metaspace       used 98045K, committed 99008K, reserved 557056K
  class space    used 13722K, committed 14144K, reserved 425984K
}
Event: 55.320 GC heap after
{Heap after GC invocations=45 (full 0):
 garbage-first heap   total 286720K, used 162935K [0x0000000080000000, 0x0000000100000000)
  region size 1024K, 2 young (2048K), 2 survivors (2048K)
 Metaspace       used 98045K, committed 99008K, reserved 557056K
  class space    used 13722K, committed 14144K, reserved 425984K
}
Event: 56.863 GC heap before
{Heap before GC invocations=45 (full 0):
 garbage-first heap   total 286720K, used 227447K [0x0000000080000000, 0x0000000100000000)
  region size 1024K, 65 young (66560K), 2 survivors (2048K)
 Metaspace       used 101695K, committed 102720K, reserved 557056K
  class space    used 14169K, committed 14656K, reserved 425984K
}
Event: 56.884 GC heap after
{Heap after GC invocations=46 (full 0):
 garbage-first heap   total 286720K, used 168828K [0x0000000080000000, 0x0000000100000000)
  region size 1024K, 8 young (8192K), 8 survivors (8192K)
 Metaspace       used 101695K, committed 102720K, reserved 557056K
  class space    used 14169K, committed 14656K, reserved 425984K
}
Event: 58.190 GC heap before
{Heap before GC invocations=47 (full 0):
 garbage-first heap   total 307200K, used 228220K [0x0000000080000000, 0x0000000100000000)
  region size 1024K, 67 young (68608K), 8 survivors (8192K)
 Metaspace       used 102547K, committed 103616K, reserved 557056K
  class space    used 14224K, committed 14720K, reserved 425984K
}
Event: 58.229 GC heap after
{Heap after GC invocations=48 (full 0):
 garbage-first heap   total 307200K, used 177141K [0x0000000080000000, 0x0000000100000000)
  region size 1024K, 9 young (9216K), 9 survivors (9216K)
 Metaspace       used 102547K, committed 103616K, reserved 557056K
  class space    used 14224K, committed 14720K, reserved 425984K
}
Event: 58.375 GC heap before
{Heap before GC invocations=48 (full 0):
 garbage-first heap   total 307200K, used 182261K [0x0000000080000000, 0x0000000100000000)
  region size 1024K, 15 young (15360K), 9 survivors (9216K)
 Metaspace       used 102996K, committed 104000K, reserved 557056K
  class space    used 14261K, committed 14720K, reserved 425984K
}
Event: 58.393 GC heap after
{Heap after GC invocations=49 (full 0):
 garbage-first heap   total 368640K, used 176695K [0x0000000080000000, 0x0000000100000000)
  region size 1024K, 2 young (2048K), 2 survivors (2048K)
 Metaspace       used 102996K, committed 104000K, reserved 557056K
  class space    used 14261K, committed 14720K, reserved 425984K
}
Event: 60.845 GC heap before
{Heap before GC invocations=49 (full 0):
 garbage-first heap   total 368640K, used 289335K [0x0000000080000000, 0x0000000100000000)
  region size 1024K, 108 young (110592K), 2 survivors (2048K)
 Metaspace       used 105125K, committed 106176K, reserved 557056K
  class space    used 14516K, committed 15040K, reserved 425984K
}
Event: 60.862 GC heap after
{Heap after GC invocations=50 (full 0):
 garbage-first heap   total 368640K, used 182600K [0x0000000080000000, 0x0000000100000000)
  region size 1024K, 8 young (8192K), 8 survivors (8192K)
 Metaspace       used 105125K, committed 106176K, reserved 557056K
  class space    used 14516K, committed 15040K, reserved 425984K
}

